
ROM used: 512 (25%)
          512 (25%) including unused fragments

          0 Average locations per line
          1 Average locations per statement

RAM used: 11 (4%) at main() level
          20 (8%) worst case

Stack used: 4 worst case (out of 8 total available)

Lines Stmts  %   Files
----- ----- ---  -----
  126   201  29  819-ReadSonar.c
   24     0   0  819-.h
  264     0   0  C:\Program Files (x86)\PICC\Devices\16F819.h
   10     7   1  setups.c
   10     3   0  init.c
 1351   359  52  C:\Program Files (x86)\PICC\Drivers\stdlib.h
   32     0   0  C:\Program Files (x86)\PICC\Drivers\stddef.h
  423   125  18  C:\Program Files (x86)\PICC\Drivers\string.h
   28     0   0  C:\Program Files (x86)\PICC\Drivers\ctype.h
----- -----
 2268   695 Total

Page ROM  %  RAM   Vol Diff  Functions:
---- --- --- ---   --- ----  ----------
0     20   4   1             @delay_ms1
0     17   3   1             @delay_us1
0     26   5   0   136  2.2  setups
0      7   1   0    85  2.0  INT_IO
0     33   6   1             @GETCH_1_
0     36   7   5   238  3.4  beep
0      8   2   0    32  1.0  dot
0      9   2   0    45  1.4  dash
0    308  60   2  4756  7.4  play_morse
0     44   9   0   253  4.1  MAIN
 Inline        0             @cinit1

Program metrics:
    Functions               7
    Statements              695
    Comments                866
    Volume (V)              6636
    Difficulty (D)          23.2
    Effort to implement (E) 153962
    Time to implement (T)   2 hours, 23 minutes
    Est Delivered Bugs (B)  1
    Cyclomatic Complexity   42
    Maintainability (MI)    10

 Segment     Used  Free
-----------  ----  ----
00000-00003     4  0  
00004-007FF   508  1536  



